<?xml version="1.0" encoding="UTF-8"?>
<!-- Generated by org.testng.reporters.JUnitXMLReporter -->
<testsuite ignored="0" hostname="ITL-LT-HP-REF-166-R08211509" failures="1" tests="4" name="Test" time="0.169" errors="0" timestamp="2024-12-21T05:45:29 IST">
  <testcase classname="testPractise.TestNGDataprovider" name="LoginPage" time="0.018"/>
  <testcase classname="testPractise.TestNGDataprovider" name="LoginPage" time="0.004"/>
  <testcase classname="testPractise.TestNGDataprovider" name="LoginPage" time="0.003"/>
  <testcase classname="testPractise.TestNGDataprovider" name="webLogin" time="0.02">
    <failure type="java.lang.AssertionError" message="expected [false] but found [true]">
      <![CDATA[java.lang.AssertionError: expected [false] but found [true]
at testPractise.TestNGDataprovider.webLogin(TestNGDataprovider.java:13)
at java.base/java.util.ArrayList.forEach(ArrayList.java:1511)
at java.base/java.util.concurrent.FutureTask.run(FutureTask.java:264)
at java.base/java.util.concurrent.ThreadPoolExecutor.runWorker(ThreadPoolExecutor.java:1136)
at java.base/java.util.concurrent.ThreadPoolExecutor$Worker.run(ThreadPoolExecutor.java:635)
at java.base/java.lang.Thread.run(Thread.java:840)
... Removed 21 stack frames]]>
    </failure>
  </testcase> <!-- webLogin -->
</testsuite> <!-- Test -->
